{"level":"info","addr":"decoder-0c7a1566cf92.local","port":12345,"message":"INITALIZE"}
{"level":"info","addr":"tv.local","port":12345,"message":"INITALIZE"}
{"level":"info","addr":"decoder-0c7a1566cf92.local","port":12345,"trace_id":"e9da79f960e145169d5ff275ae7ff170","span_id":"79987f1aace749ef","message":"CONNECTION_PARAMS"}
{"level":"info","addr":"tv.local","port":12345,"trace_id":"359747690075419998a0e9ef231eafd6","span_id":"bcc809767f2e4aa4","message":"CONNECTION_PARAMS"}
{"level":"warn","trace_id":"e9da79f960e145169d5ff275ae7ff170","span_id":"79987f1aace749ef","message":"RETRY_SCHEDULED"}
{"level":"warn","trace_id":"359747690075419998a0e9ef231eafd6","span_id":"bcc809767f2e4aa4","message":"RETRY_SCHEDULED"}
{"level":"info","trace_id":"359747690075419998a0e9ef231eafd6","span_id":"bcc809767f2e4aa4","message":"HANDLER_ERROR"}
{"level":"info","trace_id":"359747690075419998a0e9ef231eafd6","span_id":"bcc809767f2e4aa4","message":"HANDLER_CONNECT_ERROR"}
{"level":"error","error":"getaddrinfo EAI_AGAIN tv.local","trace_id":"359747690075419998a0e9ef231eafd6","span_id":"bcc809767f2e4aa4","message":"Task Error: CONNECTION_START"}
{"level":"warn","message":"CONNECTION_START_FAILED"}
{"level":"info","stopped":false,"trace_id":"359747690075419998a0e9ef231eafd6","span_id":"bcc809767f2e4aa4","message":"HANDLER_CLOSE"}
{"level":"info","trace_id":"e9da79f960e145169d5ff275ae7ff170","span_id":"79987f1aace749ef","message":"HANDLER_ERROR"}
{"level":"info","trace_id":"e9da79f960e145169d5ff275ae7ff170","span_id":"79987f1aace749ef","message":"HANDLER_CONNECT_ERROR"}
{"level":"error","error":"getaddrinfo EAI_AGAIN decoder-0c7a1566cf92.local","trace_id":"e9da79f960e145169d5ff275ae7ff170","span_id":"79987f1aace749ef","message":"Task Error: CONNECTION_START"}
{"level":"warn","message":"CONNECTION_START_FAILED"}
{"level":"info","stopped":false,"trace_id":"e9da79f960e145169d5ff275ae7ff170","span_id":"79987f1aace749ef","message":"HANDLER_CLOSE"}
{"level":"info","addr":"decoder-0c7a1566cf92.local","port":12345,"trace_id":"e9da79f960e145169d5ff275ae7ff170","span_id":"8b5354e4372f4bc4","message":"CONNECTION_PARAMS"}
{"level":"info","addr":"tv.local","port":12345,"trace_id":"359747690075419998a0e9ef231eafd6","span_id":"ec98f279a3e140c4","message":"CONNECTION_PARAMS"}
{"level":"warn","trace_id":"e9da79f960e145169d5ff275ae7ff170","span_id":"8b5354e4372f4bc4","message":"RETRY_SCHEDULED"}
{"level":"warn","trace_id":"359747690075419998a0e9ef231eafd6","span_id":"ec98f279a3e140c4","message":"RETRY_SCHEDULED"}
{"level":"info","trace_id":"359747690075419998a0e9ef231eafd6","span_id":"ec98f279a3e140c4","message":"HANDLER_ERROR"}
{"level":"info","trace_id":"359747690075419998a0e9ef231eafd6","span_id":"ec98f279a3e140c4","message":"HANDLER_CONNECT_ERROR"}
{"level":"error","error":"getaddrinfo EAI_AGAIN tv.local","trace_id":"359747690075419998a0e9ef231eafd6","span_id":"ec98f279a3e140c4","message":"Task Error: CONNECTION_START"}
{"level":"warn","trace_id":"359747690075419998a0e9ef231eafd6","span_id":"bcc809767f2e4aa4","message":"CONNECTION_START_FAILED"}
{"level":"info","stopped":false,"trace_id":"359747690075419998a0e9ef231eafd6","span_id":"ec98f279a3e140c4","message":"HANDLER_CLOSE"}
{"level":"info","trace_id":"e9da79f960e145169d5ff275ae7ff170","span_id":"8b5354e4372f4bc4","message":"HANDLER_ERROR"}
{"level":"info","trace_id":"e9da79f960e145169d5ff275ae7ff170","span_id":"8b5354e4372f4bc4","message":"HANDLER_CONNECT_ERROR"}
{"level":"error","error":"getaddrinfo EAI_AGAIN decoder-0c7a1566cf92.local","trace_id":"e9da79f960e145169d5ff275ae7ff170","span_id":"8b5354e4372f4bc4","message":"Task Error: CONNECTION_START"}
{"level":"warn","trace_id":"e9da79f960e145169d5ff275ae7ff170","span_id":"79987f1aace749ef","message":"CONNECTION_START_FAILED"}
{"level":"info","stopped":false,"trace_id":"e9da79f960e145169d5ff275ae7ff170","span_id":"8b5354e4372f4bc4","message":"HANDLER_CLOSE"}
{"level":"info","addr":"decoder-0c7a1566cf92.local","port":12345,"trace_id":"e9da79f960e145169d5ff275ae7ff170","span_id":"46007581a0e64646","message":"CONNECTION_PARAMS"}
{"level":"info","addr":"tv.local","port":12345,"trace_id":"359747690075419998a0e9ef231eafd6","span_id":"3378ba275d0443f3","message":"CONNECTION_PARAMS"}
{"level":"warn","trace_id":"e9da79f960e145169d5ff275ae7ff170","span_id":"46007581a0e64646","message":"RETRY_SCHEDULED"}
{"level":"warn","trace_id":"359747690075419998a0e9ef231eafd6","span_id":"3378ba275d0443f3","message":"RETRY_SCHEDULED"}
{"level":"info","trace_id":"359747690075419998a0e9ef231eafd6","span_id":"3378ba275d0443f3","message":"HANDLER_ERROR"}
{"level":"info","trace_id":"359747690075419998a0e9ef231eafd6","span_id":"3378ba275d0443f3","message":"HANDLER_CONNECT_ERROR"}
{"level":"error","error":"getaddrinfo EAI_AGAIN tv.local","trace_id":"359747690075419998a0e9ef231eafd6","span_id":"3378ba275d0443f3","message":"Task Error: CONNECTION_START"}
{"level":"warn","trace_id":"359747690075419998a0e9ef231eafd6","span_id":"ec98f279a3e140c4","message":"CONNECTION_START_FAILED"}
{"level":"info","trace_id":"e9da79f960e145169d5ff275ae7ff170","span_id":"46007581a0e64646","message":"HANDLER_ERROR"}
{"level":"info","trace_id":"e9da79f960e145169d5ff275ae7ff170","span_id":"46007581a0e64646","message":"HANDLER_CONNECT_ERROR"}
{"level":"error","error":"getaddrinfo EAI_AGAIN decoder-0c7a1566cf92.local","trace_id":"e9da79f960e145169d5ff275ae7ff170","span_id":"46007581a0e64646","message":"Task Error: CONNECTION_START"}
{"level":"warn","trace_id":"e9da79f960e145169d5ff275ae7ff170","span_id":"8b5354e4372f4bc4","message":"CONNECTION_START_FAILED"}
{"level":"info","stopped":false,"trace_id":"e9da79f960e145169d5ff275ae7ff170","span_id":"46007581a0e64646","message":"HANDLER_CLOSE"}
{"level":"info","stopped":false,"trace_id":"359747690075419998a0e9ef231eafd6","span_id":"3378ba275d0443f3","message":"HANDLER_CLOSE"}
{"level":"info","addr":"decoder-0c7a1566cf92.local","port":12345,"trace_id":"e9da79f960e145169d5ff275ae7ff170","span_id":"f99731004ed74e9e","message":"CONNECTION_PARAMS"}
{"level":"info","addr":"tv.local","port":12345,"trace_id":"359747690075419998a0e9ef231eafd6","span_id":"7bcc669ae5b047ab","message":"CONNECTION_PARAMS"}
{"level":"warn","trace_id":"e9da79f960e145169d5ff275ae7ff170","span_id":"f99731004ed74e9e","message":"RETRY_SCHEDULED"}
{"level":"warn","trace_id":"359747690075419998a0e9ef231eafd6","span_id":"7bcc669ae5b047ab","message":"RETRY_SCHEDULED"}
{"level":"info","trace_id":"359747690075419998a0e9ef231eafd6","span_id":"7bcc669ae5b047ab","message":"HANDLER_ERROR"}
{"level":"info","trace_id":"359747690075419998a0e9ef231eafd6","span_id":"7bcc669ae5b047ab","message":"HANDLER_CONNECT_ERROR"}
{"level":"error","error":"getaddrinfo EAI_AGAIN tv.local","trace_id":"359747690075419998a0e9ef231eafd6","span_id":"7bcc669ae5b047ab","message":"Task Error: CONNECTION_START"}
{"level":"warn","trace_id":"359747690075419998a0e9ef231eafd6","span_id":"3378ba275d0443f3","message":"CONNECTION_START_FAILED"}
{"level":"info","stopped":false,"trace_id":"359747690075419998a0e9ef231eafd6","span_id":"7bcc669ae5b047ab","message":"HANDLER_CLOSE"}
{"level":"info","trace_id":"e9da79f960e145169d5ff275ae7ff170","span_id":"f99731004ed74e9e","message":"HANDLER_ERROR"}
{"level":"info","trace_id":"e9da79f960e145169d5ff275ae7ff170","span_id":"f99731004ed74e9e","message":"HANDLER_CONNECT_ERROR"}
{"level":"error","error":"getaddrinfo EAI_AGAIN decoder-0c7a1566cf92.local","trace_id":"e9da79f960e145169d5ff275ae7ff170","span_id":"f99731004ed74e9e","message":"Task Error: CONNECTION_START"}
{"level":"warn","trace_id":"e9da79f960e145169d5ff275ae7ff170","span_id":"46007581a0e64646","message":"CONNECTION_START_FAILED"}
{"level":"info","stopped":false,"trace_id":"e9da79f960e145169d5ff275ae7ff170","span_id":"f99731004ed74e9e","message":"HANDLER_CLOSE"}
{"level":"info","addr":"decoder-0c7a1566cf92.local","port":12345,"trace_id":"e9da79f960e145169d5ff275ae7ff170","span_id":"15e2d1293d464a4d","message":"CONNECTION_PARAMS"}
{"level":"info","addr":"tv.local","port":12345,"trace_id":"359747690075419998a0e9ef231eafd6","span_id":"d5e438f12d8049a2","message":"CONNECTION_PARAMS"}
{"level":"warn","trace_id":"e9da79f960e145169d5ff275ae7ff170","span_id":"15e2d1293d464a4d","message":"RETRY_SCHEDULED"}
{"level":"warn","trace_id":"359747690075419998a0e9ef231eafd6","span_id":"d5e438f12d8049a2","message":"RETRY_SCHEDULED"}
{"level":"info","trace_id":"359747690075419998a0e9ef231eafd6","span_id":"d5e438f12d8049a2","message":"HANDLER_ERROR"}
{"level":"info","trace_id":"359747690075419998a0e9ef231eafd6","span_id":"d5e438f12d8049a2","message":"HANDLER_CONNECT_ERROR"}
{"level":"error","error":"getaddrinfo EAI_AGAIN tv.local","trace_id":"359747690075419998a0e9ef231eafd6","span_id":"d5e438f12d8049a2","message":"Task Error: CONNECTION_START"}
{"level":"warn","trace_id":"359747690075419998a0e9ef231eafd6","span_id":"7bcc669ae5b047ab","message":"CONNECTION_START_FAILED"}
{"level":"info","stopped":false,"trace_id":"359747690075419998a0e9ef231eafd6","span_id":"d5e438f12d8049a2","message":"HANDLER_CLOSE"}
{"level":"info","trace_id":"e9da79f960e145169d5ff275ae7ff170","span_id":"15e2d1293d464a4d","message":"HANDLER_ERROR"}
{"level":"info","trace_id":"e9da79f960e145169d5ff275ae7ff170","span_id":"15e2d1293d464a4d","message":"HANDLER_CONNECT_ERROR"}
{"level":"error","error":"getaddrinfo EAI_AGAIN decoder-0c7a1566cf92.local","trace_id":"e9da79f960e145169d5ff275ae7ff170","span_id":"15e2d1293d464a4d","message":"Task Error: CONNECTION_START"}
{"level":"warn","trace_id":"e9da79f960e145169d5ff275ae7ff170","span_id":"f99731004ed74e9e","message":"CONNECTION_START_FAILED"}
{"level":"info","stopped":false,"trace_id":"e9da79f960e145169d5ff275ae7ff170","span_id":"15e2d1293d464a4d","message":"HANDLER_CLOSE"}
{"level":"info","addr":"decoder-0c7a1566cf92.local","port":12345,"trace_id":"e9da79f960e145169d5ff275ae7ff170","span_id":"8ee6337259ef406e","message":"CONNECTION_PARAMS"}
{"level":"info","addr":"tv.local","port":12345,"trace_id":"359747690075419998a0e9ef231eafd6","span_id":"71ff1c0f7a3e4c64","message":"CONNECTION_PARAMS"}
{"level":"warn","trace_id":"e9da79f960e145169d5ff275ae7ff170","span_id":"8ee6337259ef406e","message":"RETRY_SCHEDULED"}
{"level":"warn","trace_id":"359747690075419998a0e9ef231eafd6","span_id":"71ff1c0f7a3e4c64","message":"RETRY_SCHEDULED"}
{"level":"info","trace_id":"359747690075419998a0e9ef231eafd6","span_id":"71ff1c0f7a3e4c64","message":"HANDLER_ERROR"}
{"level":"info","trace_id":"359747690075419998a0e9ef231eafd6","span_id":"71ff1c0f7a3e4c64","message":"HANDLER_CONNECT_ERROR"}
{"level":"error","error":"getaddrinfo EAI_AGAIN tv.local","trace_id":"359747690075419998a0e9ef231eafd6","span_id":"71ff1c0f7a3e4c64","message":"Task Error: CONNECTION_START"}
{"level":"warn","trace_id":"359747690075419998a0e9ef231eafd6","span_id":"d5e438f12d8049a2","message":"CONNECTION_START_FAILED"}
{"level":"info","stopped":false,"trace_id":"359747690075419998a0e9ef231eafd6","span_id":"71ff1c0f7a3e4c64","message":"HANDLER_CLOSE"}
{"level":"info","trace_id":"e9da79f960e145169d5ff275ae7ff170","span_id":"8ee6337259ef406e","message":"HANDLER_ERROR"}
{"level":"info","trace_id":"e9da79f960e145169d5ff275ae7ff170","span_id":"8ee6337259ef406e","message":"HANDLER_CONNECT_ERROR"}
{"level":"error","error":"getaddrinfo EAI_AGAIN decoder-0c7a1566cf92.local","trace_id":"e9da79f960e145169d5ff275ae7ff170","span_id":"8ee6337259ef406e","message":"Task Error: CONNECTION_START"}
{"level":"warn","trace_id":"e9da79f960e145169d5ff275ae7ff170","span_id":"15e2d1293d464a4d","message":"CONNECTION_START_FAILED"}
{"level":"info","stopped":false,"trace_id":"e9da79f960e145169d5ff275ae7ff170","span_id":"8ee6337259ef406e","message":"HANDLER_CLOSE"}
{"level":"info","addr":"decoder-0c7a1566cf92.local","port":12345,"trace_id":"e9da79f960e145169d5ff275ae7ff170","span_id":"102736e77afa4f5d","message":"CONNECTION_PARAMS"}
{"level":"info","addr":"tv.local","port":12345,"trace_id":"359747690075419998a0e9ef231eafd6","span_id":"36ec0f255bd943a3","message":"CONNECTION_PARAMS"}
{"level":"warn","trace_id":"e9da79f960e145169d5ff275ae7ff170","span_id":"102736e77afa4f5d","message":"RETRY_SCHEDULED"}
{"level":"warn","trace_id":"359747690075419998a0e9ef231eafd6","span_id":"36ec0f255bd943a3","message":"RETRY_SCHEDULED"}
{"level":"info","trace_id":"359747690075419998a0e9ef231eafd6","span_id":"36ec0f255bd943a3","message":"HANDLER_ERROR"}
{"level":"info","trace_id":"359747690075419998a0e9ef231eafd6","span_id":"36ec0f255bd943a3","message":"HANDLER_CONNECT_ERROR"}
{"level":"error","error":"getaddrinfo EAI_AGAIN tv.local","trace_id":"359747690075419998a0e9ef231eafd6","span_id":"36ec0f255bd943a3","message":"Task Error: CONNECTION_START"}
{"level":"warn","trace_id":"359747690075419998a0e9ef231eafd6","span_id":"71ff1c0f7a3e4c64","message":"CONNECTION_START_FAILED"}
{"level":"info","stopped":false,"trace_id":"359747690075419998a0e9ef231eafd6","span_id":"36ec0f255bd943a3","message":"HANDLER_CLOSE"}
{"level":"info","trace_id":"e9da79f960e145169d5ff275ae7ff170","span_id":"102736e77afa4f5d","message":"HANDLER_ERROR"}
{"level":"info","trace_id":"e9da79f960e145169d5ff275ae7ff170","span_id":"102736e77afa4f5d","message":"HANDLER_CONNECT_ERROR"}
{"level":"error","error":"getaddrinfo EAI_AGAIN decoder-0c7a1566cf92.local","trace_id":"e9da79f960e145169d5ff275ae7ff170","span_id":"102736e77afa4f5d","message":"Task Error: CONNECTION_START"}
{"level":"warn","trace_id":"e9da79f960e145169d5ff275ae7ff170","span_id":"8ee6337259ef406e","message":"CONNECTION_START_FAILED"}
{"level":"info","stopped":false,"trace_id":"e9da79f960e145169d5ff275ae7ff170","span_id":"102736e77afa4f5d","message":"HANDLER_CLOSE"}
{"level":"info","addr":"decoder-0c7a1566cf92.local","port":12345,"trace_id":"e9da79f960e145169d5ff275ae7ff170","span_id":"e456c4634933464c","message":"CONNECTION_PARAMS"}
{"level":"info","addr":"tv.local","port":12345,"trace_id":"359747690075419998a0e9ef231eafd6","span_id":"56ffc2095fb84971","message":"CONNECTION_PARAMS"}
{"level":"warn","trace_id":"e9da79f960e145169d5ff275ae7ff170","span_id":"e456c4634933464c","message":"RETRY_SCHEDULED"}
{"level":"warn","trace_id":"359747690075419998a0e9ef231eafd6","span_id":"56ffc2095fb84971","message":"RETRY_SCHEDULED"}
{"level":"info","trace_id":"e9da79f960e145169d5ff275ae7ff170","span_id":"e456c4634933464c","message":"HANDLER_ERROR"}
{"level":"info","trace_id":"e9da79f960e145169d5ff275ae7ff170","span_id":"e456c4634933464c","message":"HANDLER_CONNECT_ERROR"}
{"level":"error","error":"getaddrinfo EAI_AGAIN decoder-0c7a1566cf92.local","trace_id":"e9da79f960e145169d5ff275ae7ff170","span_id":"e456c4634933464c","message":"Task Error: CONNECTION_START"}
{"level":"warn","trace_id":"e9da79f960e145169d5ff275ae7ff170","span_id":"102736e77afa4f5d","message":"CONNECTION_START_FAILED"}
{"level":"info","stopped":false,"trace_id":"e9da79f960e145169d5ff275ae7ff170","span_id":"e456c4634933464c","message":"HANDLER_CLOSE"}
{"level":"info","trace_id":"359747690075419998a0e9ef231eafd6","span_id":"56ffc2095fb84971","message":"HANDLER_ERROR"}
{"level":"info","trace_id":"359747690075419998a0e9ef231eafd6","span_id":"56ffc2095fb84971","message":"HANDLER_CONNECT_ERROR"}
{"level":"error","error":"getaddrinfo EAI_AGAIN tv.local","trace_id":"359747690075419998a0e9ef231eafd6","span_id":"56ffc2095fb84971","message":"Task Error: CONNECTION_START"}
{"level":"warn","trace_id":"359747690075419998a0e9ef231eafd6","span_id":"36ec0f255bd943a3","message":"CONNECTION_START_FAILED"}
{"level":"info","stopped":false,"trace_id":"359747690075419998a0e9ef231eafd6","span_id":"56ffc2095fb84971","message":"HANDLER_CLOSE"}
{"level":"info","addr":"decoder-0c7a1566cf92.local","port":12345,"trace_id":"e9da79f960e145169d5ff275ae7ff170","span_id":"947b7639a07d4fad","message":"CONNECTION_PARAMS"}
{"level":"info","addr":"tv.local","port":12345,"trace_id":"359747690075419998a0e9ef231eafd6","span_id":"49d0ebeba10846b0","message":"CONNECTION_PARAMS"}
